[    0.000000] Linux version 4.15.0-212-generic (buildd@lcy02-amd64-083) (gcc version 7.5.0 (Ubuntu 7.5.0-3ubuntu1~18.04)) #223-Ubuntu SMP Tue May 23 13:09:22 UTC 2023 (Ubuntu 4.15.0-212.223-generic 4.15.18)
[    0.000000] Command line: BOOT_IMAGE=/boot/vmlinuz-4.15.0-212-generic root=LABEL=cloudimg-rootfs ro console=tty1 console=ttyS0
[    0.000000] KERNEL supported cpus:
[    0.000000]   Intel GenuineIntel
[    0.000000]   AMD AuthenticAMD
[    0.000000]   Centaur CentaurHauls
[    0.000000] x86/fpu: x87 FPU will use FXSAVE
[    0.000000] e820: BIOS-provided physical RAM map:
[    0.000000] BIOS-e820: [mem 0x0000000000000000-0x000000000009fbff] usable
[    0.000000] BIOS-e820: [mem 0x000000000009fc00-0x000000000009ffff] reserved
[    0.000000] BIOS-e820: [mem 0x00000000000f0000-0x00000000000fffff] reserved
[    0.000000] BIOS-e820: [mem 0x0000000000100000-0x000000003ffeffff] usable
[    0.000000] BIOS-e820: [mem 0x000000003fff0000-0x000000003fffffff] ACPI data
[    0.000000] BIOS-e820: [mem 0x00000000fec00000-0x00000000fec00fff] reserved
[    0.000000] BIOS-e820: [mem 0x00000000fee00000-0x00000000fee00fff] reserved
[    0.000000] BIOS-e820: [mem 0x00000000fffc0000-0x00000000ffffffff] reserved
[    0.000000] NX (Execute Disable) protection: active
[    0.000000] SMBIOS 2.5 present.
[    0.000000] DMI: innotek GmbH VirtualBox/VirtualBox, BIOS VirtualBox 12/01/2006
[    0.000000] e820: last_pfn = 0x3fff0 max_arch_pfn = 0x400000000
[    0.000000] x86/PAT: Configuration [0-7]: WB  WC  UC- UC  WB  WP  UC- WT  
[    0.000000] CPU MTRRs all blank - virtualized system.
[    0.000000] found SMP MP-table at [mem 0x0009fbf0-0x0009fbff]
[    0.000000] Scanning 1 areas for low memory corruption
[    0.000000] RAMDISK: [mem 0x359cb000-0x36cdcfff]
[    0.000000] ACPI: Early table checksum verification disabled
[    0.000000] ACPI: RSDP 0x00000000000E0000 000024 (v02 VBOX  )
[    0.000000] ACPI: XSDT 0x000000003FFF0030 00003C (v01 VBOX   VBOXXSDT 00000001 ASL  00000061)
[    0.000000] ACPI: FACP 0x000000003FFF00F0 0000F4 (v04 VBOX   VBOXFACP 00000001 ASL  00000061)
[    0.000000] ACPI: DSDT 0x000000003FFF02F0 002353 (v02 VBOX   VBOXBIOS 00000002 VBOX 0002A6A2)
[    0.000000] ACPI: FACS 0x000000003FFF0200 000040
[    0.000000] ACPI: FACS 0x000000003FFF0200 000040
[    0.000000] ACPI: APIC 0x000000003FFF0240 00005C (v02 VBOX   VBOXAPIC 00000001 ASL  00000061)
[    0.000000] ACPI: SSDT 0x000000003FFF02A0 000045 (v01 VBOX   VBOXCPUT 00000002 VBOX 0002A6A2)
[    0.000000] ACPI: Reserving FACP table memory at [mem 0x3fff00f0-0x3fff01e3]
[    0.000000] ACPI: Reserving DSDT table memory at [mem 0x3fff02f0-0x3fff2642]
[    0.000000] ACPI: Reserving FACS table memory at [mem 0x3fff0200-0x3fff023f]
[    0.000000] ACPI: Reserving FACS table memory at [mem 0x3fff0200-0x3fff023f]
[    0.000000] ACPI: Reserving APIC table memory at [mem 0x3fff0240-0x3fff029b]
[    0.000000] ACPI: Reserving SSDT table memory at [mem 0x3fff02a0-0x3fff02e4]
[    0.000000] No NUMA configuration found
[    0.000000] Faking a node at [mem 0x0000000000000000-0x000000003ffeffff]
[    0.000000] NODE_DATA(0) allocated [mem 0x3ffc5000-0x3ffeffff]
[    0.000000] tsc: Fast TSC calibration failed
[    0.000000] tsc: Using PIT calibration value
[    0.000000] Zone ranges:
[    0.000000]   DMA      [mem 0x0000000000001000-0x0000000000ffffff]
[    0.000000]   DMA32    [mem 0x0000000001000000-0x000000003ffeffff]
[    0.000000]   Normal   empty
[    0.000000]   Device   empty
[    0.000000] Movable zone start for each node
[    0.000000] Early memory node ranges
[    0.000000]   node   0: [mem 0x0000000000001000-0x000000000009efff]
[    0.000000]   node   0: [mem 0x0000000000100000-0x000000003ffeffff]
[    0.000000] Reserved but unavailable: 104 pages
[    0.000000] Initmem setup node 0 [mem 0x0000000000001000-0x000000003ffeffff]
[    0.000000] ACPI: PM-Timer IO Port: 0x4008
[    0.000000] IOAPIC[0]: apic_id 2, version 32, address 0xfec00000, GSI 0-23
[    0.000000] ACPI: INT_SRC_OVR (bus 0 bus_irq 0 global_irq 2 dfl dfl)
[    0.000000] ACPI: INT_SRC_OVR (bus 0 bus_irq 9 global_irq 9 low level)
[    0.000000] Using ACPI (MADT) for SMP configuration information
[    0.000000] smpboot: Allowing 2 CPUs, 0 hotplug CPUs
[    0.000000] PM: Registered nosave memory: [mem 0x00000000-0x00000fff]
[    0.000000] PM: Registered nosave memory: [mem 0x0009f000-0x0009ffff]
[    0.000000] PM: Registered nosave memory: [mem 0x000a0000-0x000effff]
[    0.000000] PM: Registered nosave memory: [mem 0x000f0000-0x000fffff]
[    0.000000] e820: [mem 0x40000000-0xfebfffff] available for PCI devices
[    0.000000] Booting paravirtualized kernel on bare hardware
[    0.000000] clocksource: refined-jiffies: mask: 0xffffffff max_cycles: 0xffffffff, max_idle_ns: 7645519600211568 ns
[    0.000000] setup_percpu: NR_CPUS:8192 nr_cpumask_bits:2 nr_cpu_ids:2 nr_node_ids:1
[    0.000000] percpu: Embedded 50 pages/cpu s167936 r8192 d28672 u1048576
[    0.000000] Built 1 zonelists, mobility grouping on.  Total pages: 257913
[    0.000000] Policy zone: DMA32
[    0.000000] Kernel command line: BOOT_IMAGE=/boot/vmlinuz-4.15.0-212-generic root=LABEL=cloudimg-rootfs ro console=tty1 console=ttyS0
[    0.000000] Memory: 983164K/1048120K available (12300K kernel code, 2477K rwdata, 4324K rodata, 2480K init, 2720K bss, 64956K reserved, 0K cma-reserved)
[    0.000000] SLUB: HWalign=64, Order=0-3, MinObjects=0, CPUs=2, Nodes=1
[    0.000000] Kernel/User page tables isolation: enabled
[    0.000000] ftrace: allocating 39508 entries in 155 pages
[    0.000000] Hierarchical RCU implementation.
[    0.000000] 	RCU restricting CPUs from NR_CPUS=8192 to nr_cpu_ids=2.
[    0.000000] 	Tasks RCU enabled.
[    0.000000] RCU: Adjusting geometry for rcu_fanout_leaf=16, nr_cpu_ids=2
[    0.000000] NR_IRQS: 524544, nr_irqs: 440, preallocated irqs: 16
[    0.000000] random: crng init done
[    0.000000] Console: colour VGA+ 80x25
[    0.000000] console [tty1] enabled
[    0.000000] console [ttyS0] enabled
[    0.000000] ACPI: Core revision 20170831
[    0.000000] ACPI: 2 ACPI AML tables successfully acquired and loaded
[    0.000000] APIC: Switch to symmetric I/O mode setup
[    0.004000] ..TIMER: vector=0x30 apic1=0 pin1=2 apic2=-1 pin2=-1
[    0.028000] tsc: Fast TSC calibration failed
[    0.044000] tsc: HPET/PMTIMER calibration failed. Using PIT calibration.
[    0.048000] tsc: Detected 1901.073 MHz processor
[    0.052000] Calibrating delay loop (skipped), value calculated using timer frequency.. 3802.14 BogoMIPS (lpj=7604292)
[    0.056008] pid_max: default: 32768 minimum: 301
[    0.060136] Security Framework initialized
[    0.064008] Yama: becoming mindful.
[    0.068144] AppArmor: AppArmor initialized
[    0.080350] Dentry cache hash table entries: 131072 (order: 8, 1048576 bytes)
[    0.088109] Inode-cache hash table entries: 65536 (order: 7, 524288 bytes)
[    0.092128] Mount-cache hash table entries: 2048 (order: 2, 16384 bytes)
[    0.096101] Mountpoint-cache hash table entries: 2048 (order: 2, 16384 bytes)
[    0.106545] Last level iTLB entries: 4KB 64, 2MB 8, 4MB 8
[    0.108003] Last level dTLB entries: 4KB 64, 2MB 0, 4MB 0, 1GB 4
[    0.112007] Spectre V1 : Mitigation: usercopy/swapgs barriers and __user pointer sanitization
[    0.116006] Spectre V2 : Mitigation: Retpolines
[    0.120007] Spectre V2 : Spectre v2 / SpectreRSB mitigation: Filling RSB on context switch
[    0.124005] Spectre V2 : Spectre v2 / SpectreRSB : Filling RSB on VMEXIT
[    0.128005] RETBleed: WARNING: Spectre v2 mitigation leaves CPU vulnerable to RETBleed attacks, data leaks possible!
[    0.132041] RETBleed: Vulnerable
[    0.140006] Speculative Store Bypass: Vulnerable
[    0.144089] MDS: Mitigation: Clear CPU buffers
[    0.148002] MMIO Stale Data: Mitigation: Clear CPU buffers
[    0.152007] SRBDS: Unknown: Dependent on hypervisor status
[    0.156181] Freeing SMP alternatives memory: 36K
[    0.272691] smpboot: CPU0: Intel(R) Core(TM) i5-8350U CPU @ 1.70GHz (family: 0x6, model: 0x8e, stepping: 0xa)
[    0.280312] Performance Events: unsupported p6 CPU model 142 no PMU driver, software events only.
[    0.284147] Hierarchical SRCU implementation.
[    0.288930] NMI watchdog: Perf event create on CPU 0 failed with -2
[    0.292007] NMI watchdog: Perf NMI watchdog permanently disabled
[    0.296454] smp: Bringing up secondary CPUs ...
[    0.304673] x86: Booting SMP configuration:
[    0.308085] .... node  #0, CPUs:      #1
[    0.316125] smp: Brought up 1 node, 2 CPUs
[    0.324007] smpboot: Max logical packages: 1
[    0.328004] smpboot: Total of 2 processors activated (7604.29 BogoMIPS)
[    0.332778] devtmpfs: initialized
[    0.336154] x86/mm: Memory block size: 128MB
[    0.340487] evm: security.selinux
[    0.344007] evm: security.SMACK64
[    0.348002] evm: security.SMACK64EXEC
[    0.352002] evm: security.SMACK64TRANSMUTE
[    0.356004] evm: security.SMACK64MMAP
[    0.360005] evm: security.apparmor
[    0.364002] evm: security.ima
[    0.368002] evm: security.capability
[    0.372659] clocksource: jiffies: mask: 0xffffffff max_cycles: 0xffffffff, max_idle_ns: 7645041785100000 ns
[    0.376014] futex hash table entries: 512 (order: 3, 32768 bytes)
[    0.384356] pinctrl core: initialized pinctrl subsystem
[    0.388672] RTC time: 22:25:32, date: 06/18/26
[    0.397179] NET: Registered protocol family 16
[    0.400158] audit: initializing netlink subsys (disabled)
[    0.404265] audit: type=2000 audit(1781821531.404:1): state=initialized audit_enabled=0 res=1
[    0.416010] cpuidle: using governor ladder
[    0.420016] cpuidle: using governor menu
[    0.424094] ACPI: bus type PCI registered
[    0.428006] acpiphp: ACPI Hot Plug PCI Controller Driver version: 0.5
[    0.432835] PCI: Using configuration type 1 for base access
[    0.444616] HugeTLB registered 2.00 MiB page size, pre-allocated 0 pages
[    0.456273] ACPI: Added _OSI(Module Device)
[    0.460128] ACPI: Added _OSI(Processor Device)
[    0.464007] ACPI: Added _OSI(3.0 _SCP Extensions)
[    0.468006] ACPI: Added _OSI(Processor Aggregator Device)
[    0.472009] ACPI: Added _OSI(Linux-Dell-Video)
[    0.476010] ACPI: Added _OSI(Linux-Lenovo-NV-HDMI-Audio)
[    0.480008] ACPI: Added _OSI(Linux-HPI-Hybrid-Graphics)
[    0.488216] ACPI: Executed 1 blocks of module-level executable AML code
[    0.500036] ACPI: Interpreter enabled
[    0.504017] ACPI: (supports S0 S5)
[    0.507539] ACPI: Using IOAPIC for interrupt routing
[    0.508488] PCI: Using host bridge windows from ACPI; if necessary, use "pci=nocrs" and report a bug
[    0.512299] ACPI: Enabled 2 GPEs in block 00 to 07
[    0.528804] ACPI: PCI Root Bridge [PCI0] (domain 0000 [bus 00-ff])
[    0.532053] acpi PNP0A03:00: _OSC: OS supports [ASPM ClockPM Segments MSI]
[    0.536931] acpi PNP0A03:00: _OSC: not requesting OS control; OS requires [ExtendedConfig ASPM ClockPM MSI]
[    0.540020] acpi PNP0A03:00: fail to add MMCONFIG information, can't access extended PCI configuration space under this bridge.
[    0.548051] PCI host bridge to bus 0000:00
[    0.552006] pci_bus 0000:00: root bus resource [io  0x0000-0x0cf7 window]
[    0.556003] pci_bus 0000:00: root bus resource [io  0x0d00-0xffff window]
[    0.560008] pci_bus 0000:00: root bus resource [mem 0x000a0000-0x000bffff window]
[    0.564005] pci_bus 0000:00: root bus resource [mem 0x40000000-0xfdffffff window]
[    0.568008] pci_bus 0000:00: root bus resource [bus 00-ff]
[    0.583276] pci 0000:00:01.1: legacy IDE quirk: reg 0x10: [io  0x01f0-0x01f7]
[    0.584006] pci 0000:00:01.1: legacy IDE quirk: reg 0x14: [io  0x03f6]
[    0.588007] pci 0000:00:01.1: legacy IDE quirk: reg 0x18: [io  0x0170-0x0177]
[    0.592004] pci 0000:00:01.1: legacy IDE quirk: reg 0x1c: [io  0x0376]
[    0.627362] pci 0000:00:07.0: quirk: [io  0x4000-0x403f] claimed by PIIX4 ACPI
[    0.628051] pci 0000:00:07.0: quirk: [io  0x4100-0x410f] claimed by PIIX4 SMB
[    0.642462] ACPI: PCI Interrupt Link [LNKA] (IRQs 5 9 10 *11)
[    0.644657] ACPI: PCI Interrupt Link [LNKB] (IRQs 5 9 *10 11)
[    0.652024] ACPI: PCI Interrupt Link [LNKC] (IRQs 5 *9 10 11)
[    0.656260] ACPI: PCI Interrupt Link [LNKD] (IRQs 5 9 10 *11)
[    0.664587] SCSI subsystem initialized
[    0.668232] pci 0000:00:02.0: vgaarb: setting as boot VGA device
[    0.672000] pci 0000:00:02.0: vgaarb: VGA device added: decodes=io+mem,owns=io+mem,locks=none
[    0.672007] pci 0000:00:02.0: vgaarb: bridge control possible
[    0.676009] vgaarb: loaded
[    0.680125] ACPI: bus type USB registered
[    0.684020] usbcore: registered new interface driver usbfs
[    0.688056] usbcore: registered new interface driver hub
[    0.692020] usbcore: registered new device driver usb
[    0.696296] EDAC MC: Ver: 3.0.0
[    0.704453] PCI: Using ACPI for IRQ routing
[    0.712073] NetLabel: Initializing
[    0.716005] NetLabel:  domain hash size = 128
[    0.724006] NetLabel:  protocols = UNLABELED CIPSOv4 CALIPSO
[    0.728027] NetLabel:  unlabeled traffic allowed by default
[    0.732288] clocksource: Switched to clocksource refined-jiffies
[    0.792758] VFS: Disk quotas dquot_6.6.0
[    0.796047] VFS: Dquot-cache hash table entries: 512 (order 0, 4096 bytes)
[    0.800525] AppArmor: AppArmor Filesystem Enabled
[    0.804035] pnp: PnP ACPI init
[    0.814286] pnp: PnP ACPI: found 3 devices
[    0.880654] clocksource: acpi_pm: mask: 0xffffff max_cycles: 0xffffff, max_idle_ns: 2085701024 ns
[    0.884443] clocksource: Switched to clocksource acpi_pm
[    0.891747] NET: Registered protocol family 2
[    0.896201] IP idents hash table entries: 16384 (order: 5, 131072 bytes)
[    0.907034] TCP established hash table entries: 8192 (order: 4, 65536 bytes)
[    0.916869] TCP bind hash table entries: 8192 (order: 5, 131072 bytes)
[    0.926329] TCP: Hash tables configured (established 8192 bind 8192)
[    0.929612] UDP hash table entries: 512 (order: 2, 16384 bytes)
[    0.929612] UDP-Lite hash table entries: 512 (order: 2, 16384 bytes)
[    0.929612] NET: Registered protocol family 1
[    0.929612] pci 0000:00:00.0: Limiting direct PCI/PCI transfers
[    0.929612] pci 0000:00:01.0: Activating ISA DMA hang workarounds
[    0.929612] pci 0000:00:02.0: Video device with shadowed ROM at [mem 0x000c0000-0x000dffff]
[    0.929612] Unpacking initramfs...
[    1.539097] Freeing initrd memory: 19528K
[    1.544800] platform rtc_cmos: registered platform RTC device (no PNP device found)
[    1.553131] Scanning for low memory corruption every 60 seconds
[    1.562637] Initialise system trusted keyrings
[    1.568355] Key type blacklist registered
[    1.575626] workingset: timestamp_bits=36 max_order=18 bucket_order=0
[    1.587440] zbud: loaded
[    1.593212] squashfs: version 4.0 (2009/01/31) Phillip Lougher
[    1.602352] fuse init (API version 7.26)
[    1.640610] Key type asymmetric registered
[    1.646100] Asymmetric key parser 'x509' registered
[    1.651196] Block layer SCSI generic (bsg) driver version 0.4 loaded (major 246)
[    1.660881] io scheduler noop registered
[    1.665866] io scheduler deadline registered
[    1.671879] io scheduler cfq registered (default)
[    1.678803] ACPI: AC Adapter [AC] (on-line)
[    1.683722] input: Power Button as /devices/LNXSYSTM:00/LNXPWRBN:00/input/input0
[    1.693405] ACPI: Power Button [PWRF]
[    1.698735] input: Sleep Button as /devices/LNXSYSTM:00/LNXSLPBN:00/input/input1
[    1.707107] ACPI: Sleep Button [SLPF]
[    1.714188] ACPI: Battery Slot [BAT0] (battery present)
[    1.721482] Serial: 8250/16550 driver, 32 ports, IRQ sharing enabled
[    1.729756] 00:02: ttyS0 at I/O 0x3f8 (irq = 4, base_baud = 115200) is a 16550A
[    1.882242] Linux agpgart interface v0.103
[    1.904150] loop: module loaded
[    1.913103] scsi host0: ata_piix
[    1.919879] scsi host1: ata_piix
[    1.924242] ata1: PATA max UDMA/33 cmd 0x1f0 ctl 0x3f6 bmdma 0xd000 irq 14
[    1.928097] ata2: PATA max UDMA/33 cmd 0x170 ctl 0x376 bmdma 0xd008 irq 15
[    1.938903] tun: Universal TUN/TAP device driver, 1.6
[    1.946856] PPP generic driver version 2.4.2
[    1.953161] ehci_hcd: USB 2.0 'Enhanced' Host Controller (EHCI) Driver
[    1.960700] ehci-pci: EHCI PCI platform driver
[    1.966210] ehci-platform: EHCI generic platform driver
[    1.973180] ohci_hcd: USB 1.1 'Open' Host Controller (OHCI) Driver
[    1.979810] ohci-pci: OHCI PCI platform driver
[    1.982615] ohci-platform: OHCI generic platform driver
[    1.990473] uhci_hcd: USB Universal Host Controller Interface driver
[    1.997588] i8042: PNP: PS/2 Controller [PNP0303:PS2K,PNP0f03:PS2M] at 0x60,0x64 irq 1,12
[    2.011027] serio: i8042 KBD port at 0x60,0x64 irq 1
[    2.016814] serio: i8042 AUX port at 0x60,0x64 irq 12
[    2.026411] mousedev: PS/2 mouse device common for all mice
[    2.036924] rtc_cmos rtc_cmos: rtc core: registered rtc_cmos as rtc0
[    2.044972] rtc_cmos rtc_cmos: alarms up to one day, 114 bytes nvram
[    2.052985] input: AT Translated Set 2 keyboard as /devices/platform/i8042/serio0/input/input2
[    2.053354] i2c /dev entries driver
[    2.068084] device-mapper: uevent: version 1.0.3
[    2.075718] device-mapper: ioctl: 4.37.0-ioctl (2017-09-20) initialised: dm-devel@redhat.com
[    2.086374] ledtrig-cpu: registered to indicate activity on CPUs
[    2.097280] NET: Registered protocol family 10
[    2.169496] Segment Routing with IPv6
[    2.173522] NET: Registered protocol family 17
[    2.179177] Key type dns_resolver registered
[    2.184774] mce: Using 0 MCE banks
[    2.189298] RAS: Correctable Errors collector initialized.
[    2.195779] sched_clock: Marking stable (2195616421, 0)->(2393086056, -197469635)
[    2.207642] registered taskstats version 1
[    2.213111] Loading compiled-in X.509 certificates
[    2.224610] Loaded X.509 cert 'Build time autogenerated kernel key: b5b26778eaa3ab3a4a6cee031137706e947d12ad'
[    2.236874] Loaded X.509 cert 'Canonical Ltd. Live Patch Signing: 14df34d1a87cf37625abec039ef2bf521249b969'
[    2.248578] Loaded X.509 cert 'Canonical Ltd. Kernel Module Signing: 88f752e560a1e0737e31163a466ad7b70a850c19'
[    2.260758] blacklist: Loading compiled-in revocation X.509 certificates
[    2.267598] Loaded X.509 cert 'Canonical Ltd. Secure Boot Signing: 61482aa2830d0ab2ad5af10b7250da9033ddcef0'
[    2.278521] Loaded X.509 cert 'Canonical Ltd. Secure Boot Signing (2017): 242ade75ac4a15e50d50c84b0d45ff3eae707a03'
[    2.290318] Loaded X.509 cert 'Canonical Ltd. Secure Boot Signing (ESM 2018): 365188c1d374d6b07c3c8f240f8ef722433d6a8b'
[    2.301844] Loaded X.509 cert 'Canonical Ltd. Secure Boot Signing (2019): c0746fd6c5da3ae827864651ad66ae47fe24b3e8'
[    2.312475] Loaded X.509 cert 'Canonical Ltd. Secure Boot Signing (2021 v1): a8d54bbb3825cfb94fa13c9f8a594a195c107b8d'
[    2.325480] Loaded X.509 cert 'Canonical Ltd. Secure Boot Signing (2021 v2): 4cf046892d6fd3c9a5b03f98d845f90851dc6a8c'
[    2.337477] Loaded X.509 cert 'Canonical Ltd. Secure Boot Signing (2021 v3): 100437bb6de6e469b581e61cd66bce3ef4ed53af'
[    2.349195] Loaded X.509 cert 'Canonical Ltd. Secure Boot Signing (Ubuntu Core 2019): c1d57b8f6b743f23ee41f4f7ee292f06eecadfb9'
[    2.362418] zswap: loaded using pool lzo/zbud
[    2.381212] Key type big_key registered
[    2.386645] Key type trusted registered
[    2.396128] Key type encrypted registered
[    2.400163] AppArmor: AppArmor sha1 policy hashing enabled
[    2.407371] ima: No TPM chip found, activating TPM-bypass! (rc=-19)
[    2.414457] ima: Allocated hash algorithm: sha1
[    2.420954] evm: HMAC attrs: 0x1
[    2.426203]   Magic number: 14:63:452
[    2.431926] rtc_cmos rtc_cmos: setting system clock to 2026-06-18 22:25:34 UTC (1781821534)
[    2.442220] BIOS EDD facility v0.16 2004-Jun-25, 0 devices found
[    2.448973] EDD information not available.
[    2.459206] Freeing unused kernel image memory: 2480K
[    2.823720] Write protecting the kernel read-only data: 20480k
[    2.832260] Freeing unused kernel image memory: 2008K
[    2.839791] Freeing unused kernel image memory: 1820K
[    2.852392] x86/mm: Checked W+X mappings: passed, no W+X pages found.
[    2.860007] x86/mm: Checking user space page tables
[    2.871072] x86/mm: Checked W+X mappings: passed, no W+X pages found.
Loading, please wait...
starting version 237
[    3.113524] e1000: Intel(R) PRO/1000 Network Driver - version 7.3.21-k8-NAPI
[    3.121805] e1000: Copyright (c) 1999-2006 Intel Corporation.
[    3.135976] Fusion MPT base driver 3.04.20
[    3.140938] Copyright (c) 1999-2008 LSI Corporation
[    3.185748] SSE version of gcm_enc/dec engaged.
[    3.204583] Fusion MPT SPI Host driver 3.04.20
[    3.381869] input: ImExPS/2 Generic Explorer Mouse as /devices/platform/i8042/serio1/input/input4
[    3.907523] e1000 0000:00:03.0 eth0: (PCI:33MHz:32-bit) 02:3b:7b:b7:3b:2d
[    3.916185] e1000 0000:00:03.0 eth0: Intel(R) PRO/1000 Network Connection
[    3.926411] mptbase: ioc0: Initiating bringup
[    3.927108] e1000 0000:00:03.0 enp0s3: renamed from eth0
[    4.046711] ioc0: LSI53C1030 A0: Capabilities={Initiator}
[    4.312318] scsi host2: ioc0: LSI53C1030 A0, FwRev=00000000h, Ports=1, MaxQ=256, IRQ=20
[    4.541561] scsi 2:0:0:0: Direct-Access     VBOX     HARDDISK         1.0  PQ: 0 ANSI: 5
[    4.802486] scsi target2:0:0: Beginning Domain Validation
[    4.820812] scsi target2:0:0: Domain Validation skipping write tests
[    4.828249] scsi target2:0:0: Ending Domain Validation
[    4.834866] scsi target2:0:0: asynchronous
[    4.843547] scsi 2:0:1:0: Direct-Access     VBOX     HARDDISK         1.0  PQ: 0 ANSI: 5
[    4.907647] scsi target2:0:1: Beginning Domain Validation
[    4.924981] scsi target2:0:1: Domain Validation skipping write tests
[    4.931924] scsi target2:0:1: Ending Domain Validation
[    4.938700] scsi target2:0:1: asynchronous
[    4.972383] sd 2:0:0:0: Attached scsi generic sg0 type 0
[    4.981305] sd 2:0:0:0: [sda] 83886080 512-byte logical blocks: (42.9 GB/40.0 GiB)
[    4.982278] sd 2:0:1:0: Attached scsi generic sg1 type 0
[    4.999914] sd 2:0:0:0: [sda] Write Protect is off
[    5.007708] sd 2:0:1:0: [sdb] 20480 512-byte logical blocks: (10.5 MB/10.0 MiB)
[    5.018231] sd 2:0:0:0: [sda] Write cache: enabled, read cache: enabled, supports DPO and FUA
[    5.029883] sd 2:0:1:0: [sdb] Write Protect is off
[    5.037155] sd 2:0:1:0: [sdb] Write cache: enabled, read cache: enabled, supports DPO and FUA
[    5.055483]  sda: sda1
[    5.062760] sd 2:0:1:0: [sdb] Attached SCSI disk
[    5.070332] sd 2:0:0:0: [sda] Attached SCSI disk
Begin: Loading essential drivers ... [    7.031681] raid6: sse2x1   gen() 11636 MB/s
[    7.084048] raid6: sse2x1   xor()  8484 MB/s
[    7.135847] raid6: sse2x2   gen() 14453 MB/s
[    7.187784] raid6: sse2x2   xor() 10003 MB/s
[    7.239188] raid6: sse2x4   gen() 16140 MB/s
[    7.290663] raid6: sse2x4   xor()  9935 MB/s
[    7.296220] raid6: using algorithm sse2x4 gen() 16140 MB/s
[    7.303001] raid6: .... xor() 9935 MB/s, rmw enabled
[    7.309546] raid6: using ssse3x2 recovery algorithm
[    7.319802] xor: measuring software checksum speed
[    7.421316]    prefetch64-sse: 42223.000 MB/sec
[    7.525319]    generic_sse: 41618.000 MB/sec
[    7.530934] xor: using function: prefetch64-sse (42223.000 MB/sec)
[    7.540141] async_tx: api initialized (async)
done.
Begin: Running /scripts/init-premount ... done.
Begin: Mounting root file system ... Begin: Running /scripts/local-top ... done.
Begin: Running /scripts/local-premount ... [    7.623375] Btrfs loaded, crc32c=crc32c-intel
Scanning for Btrfs filesystems
done.
Warning: fsck not present, so skipping root file system
[    7.730923] EXT4-fs (sda1): mounted filesystem with ordered data mode. Opts: (null)
done.
Begin: Running /scripts/local-bottom ... done.
Begin: Running /scripts/init-bottom ... done.
[    8.212624] ip_tables: (C) 2000-2006 Netfilter Core Team
[    8.265260] systemd[1]: systemd 237 running in system mode. (+PAM +AUDIT +SELINUX +IMA +APPARMOR +SMACK +SYSVINIT +UTMP +LIBCRYPTSETUP +GCRYPT +GNUTLS +ACL +XZ +LZ4 +SECCOMP +BLKID +ELFUTILS +KMOD -IDN2 +IDN -PCRE2 default-hierarchy=hybrid)
[    8.289426] systemd[1]: Detected virtualization oracle.
[    8.295724] systemd[1]: Detected architecture x86-64.

Welcome to [1mUbuntu 18.04.6 LTS[0m!

[    8.345465] systemd[1]: Set hostname to <ubuntu>.
[    8.371696] systemd[1]: Initializing machine ID from random generator.
[    8.379228] systemd[1]: Installed transient /etc/machine-id file.
[    9.035147] systemd[1]: Reached target System Time Synchronized.
[[0;32m  OK  [0m] Reached target System Time Synchronized.
[    9.047377] systemd[1]: Reached target User and Group Name Lookups.
[[0;32m  OK  [0m] Reached target User and Group Name Lookups.
[    9.076002] systemd[1]: Created slice User and Session Slice.
[[0;32m  OK  [0m] Created slice User and Session Slice.
[    9.088806] systemd[1]: Created slice System Slice.
[[0;32m  OK  [0m] Created slice System Slice.
[[0;32m  OK  [0m] Listening on Journal Socket.
         Starting Uncomplicated firewall...
[[0;32m  OK  [0m] Listening on Syslog Socket.
         Starting Create list of required st…ce nodes for the current kernel...
[[0;32m  OK  [0m] Listening on Journal Audit Socket.
[[0;32m  OK  [0m] Listening on /dev/initctl Compatibility Named Pipe.
         Mounting POSIX Message Queue File System...
         Mounting Huge Pages File System...
[[0;32m  OK  [0m] Reached target Mounting snaps.
[[0;32m  OK  [0m] Listening on LVM2 poll daemon socket.
[[0;32m  OK  [0m] Set up automount Arbitrary Executab…rmats File System Automount Point.
[[0;32m  OK  [0m] Listening on Device-mapper event daemon FIFOs.
[[0;32m  OK  [0m] Created slice system-serial\x2dgetty.slice.
         Starting Load Kernel Modules...
         Starting Set the console keyboard layout...
[[0;32m  OK  [0m] Reached target Slices.
[[0;32m  OK  [0m] Listening on Journal Socket (/dev/log).
[    9.196819] Loading iSCSI transport class v2.0-870.
         Starting Journal Service...
[[0;32m  OK  [0m] Listening on udev Control Socket.
[[0;32m  OK  [0m] Listening on Network Service Netlink Socket.
[[0;32m  OK  [0m] Listening on LVM2 metadata daemon socket.
         Starting Monitoring of LVM2 mirrors…ng dmeventd or progress polling...
[    9.246731] iscsi: registered transport (tcp)
[[0;32m  OK  [0m] Reached target Swap.
[[0;32m  OK  [0m] Listening on udev Kernel Socket.
         Starting udev Coldplug all Devices...
         Mounting Kernel Debug File System...
[[0;32m  OK  [0m] Listening on fsck to fsckd communication Socket.
         Starting File System Check on Root Device...
[[0;32m  OK  [0m] Reached target Mounted snaps.
[[0;32m  OK  [0m] Started Forward Password Requests to Wall Directory Watch.
[[0;32m  OK  [0m] Started Uncomplicated firewall.
[[0;32m  OK  [0m] Started Create list of required sta…vice nodes for the current kernel.
[[0;32m  OK  [0m] Mounted POSIX Message Queue File System.
[[0;32m  OK  [0m] Mounted Huge Pages File System.
[[0;32m  OK  [0m] Mounted Kernel Debug File System.
[[0;32m  OK  [0m] Started LVM2 metadata daemon.
         Starting Create Static Device Nodes in /dev...
[    9.378133] iscsi: registered transport (iser)
[[0;32m  OK  [0m] Started Load Kernel Modules.
         Mounting Kernel Configuration File System...
         Starting Apply Kernel Variables...
         Mounting FUSE Control File System...
[[0;32m  OK  [0m] Mounted Kernel Configuration File System.
[[0;32m  OK  [0m] Mounted FUSE Control File System.
[[0;32m  OK  [0m] Started File System Check Daemon to report status.
[[0;32m  OK  [0m] Started Create Static Device Nodes in /dev.
[[0;32m  OK  [0m] Started Journal Service.
[[0;32m  OK  [0m] Started udev Coldplug all Devices.
[[0;32m  OK  [0m] Started Monitoring of LVM2 mirrors,…sing dmeventd or progress polling.
[[0;32m  OK  [0m] Started File System Check on Root Device.
         Starting Remount Root and Kernel File Systems...
[[0;32m  OK  [0m] Started Apply Kernel Variables.
[[0;32m  OK  [0m] Started Remount Root and Kernel File Systems.
         Starting Load/Save Random Seed...
         Starting udev Kernel Device Manager...
         Starting Flush Journal to Persistent Storage...
[[0;32m  OK  [0m] Started Load/Save Random Seed.
[[0;32m  OK  [0m] Started udev Kernel Device Manager.
[[0;32m  OK  [0m] Started Flush Journal to Persistent Storage.
[[0;32m  OK  [0m] Found device /dev/ttyS0.
[[0;32m  OK  [0m] Listening on Load/Save RF Kill Switch Status /dev/rfkill Watch.
[[0;32m  OK  [0m] Started Set the console keyboard layout.
[[0;32m  OK  [0m] Reached target Local File Systems (Pre).
[[0;32m  OK  [0m] Reached target Local File Systems.
         Starting Commit a transient machine-id on disk...
         Starting Create Volatile Files and Directories...
         Starting ebtables ruleset management...
         Starting Set console font and keymap...
         Starting AppArmor initialization...
         Starting Tell Plymouth To Write Out Runtime Data...
[[0;32m  OK  [0m] Started Dispatch Password Requests to Console Directory Watch.
[[0;32m  OK  [0m] Reached target Local Encrypted Volumes.
[[0;32m  OK  [0m] Started Tell Plymouth To Write Out Runtime Data.
[[0;32m  OK  [0m] Started Create Volatile Files and Directories.
         Starting Update UTMP about System Boot/Shutdown...
[[0;32m  OK  [0m] Started Update UTMP about System Boot/Shutdown.
[[0;32m  OK  [0m] Started Commit a transient machine-id on disk.
[[0;32m  OK  [0m] Started ebtables ruleset management.
         Mounting Arbitrary Executable File Formats File System...
[[0;32m  OK  [0m] Mounted Arbitrary Executable File Formats File System.
[[0;32m  OK  [0m] Started AppArmor initialization.
         Starting Load AppArmor profiles managed internally by snapd...
         Starting Initial cloud-init job (pre-networking)...
[[0;32m  OK  [0m] Started Load AppArmor profiles managed internally by snapd.
[[0;32m  OK  [0m] Started Set console font and keymap.
[   14.737974] cloud-init[778]: Cloud-init v. 23.1.2-0ubuntu0~18.04.1 running 'init-local' at Thu, 18 Jun 2026 22:25:46 +0000. Up 14.24 seconds.
[[0;32m  OK  [0m] Started Initial cloud-init job (pre-networking).
[[0;32m  OK  [0m] Reached target Network (Pre).
         Starting Network Service...
[[0;32m  OK  [0m] Started Network Service.
         Starting Wait for Network to be Configured...
         Starting Network Name Resolution...
[[0;32m  OK  [0m] Started Network Name Resolution.
[[0;32m  OK  [0m] Reached target Host and Network Name Lookups.
[[0;32m  OK  [0m] Reached target Network.
[[0;32m  OK  [0m] Started Wait for Network to be Configured.
         Starting Initial cloud-init job (metadata service crawler)...
[   16.970561] cloud-init[895]: Cloud-init v. 23.1.2-0ubuntu0~18.04.1 running 'init' at Thu, 18 Jun 2026 22:25:48 +0000. Up 16.81 seconds.
[   16.976770] cloud-init[895]: ci-info: +++++++++++++++++++++++++++++++++++++++++++Net device info++++++++++++++++++++++++++++++++++++++++++++
[   16.982137] cloud-init[895]: ci-info: +--------+------+---------------------------------------+---------------+--------+-------------------+
[   16.988644] cloud-init[895]: ci-info: | Device |  Up  |                Address                |      Mask     | Scope  |     Hw-Address    |
[   17.005812] cloud-init[895]: ci-info: +--------+------+---------------------------------------+---------------+--------+-------------------+
[   17.013449] cloud-init[895]: ci-info: | enp0s3 | True |               10.0.2.15               | 255.255.255.0 | global | 02:3b:7b:b7:3b:2d |
[   17.024476] cloud-init[895]: ci-info: | enp0s3 | True | fd17:625c:f037:2:3b:7bff:feb7:3b2d/64 |       .       | global | 02:3b:7b:b7:3b:2d |
[   17.033477] cloud-init[895]: ci-info: | enp0s3 | True |       fe80::3b:7bff:feb7:3b2d/64      |       .       |  link  | 02:3b:7b:b7:3b:2d |
[   17.043169] cloud-init[895]: ci-info: |   lo   | True |               127.0.0.1               |   255.0.0.0   |  host  |         .         |
[   17.052574] cloud-init[895]: ci-info: |   lo   | True |                ::1/128                |       .       |  host  |         .         |
[   17.060858] cloud-init[895]: ci-info: +--------+------+---------------------------------------+---------------+--------+-------------------+
[   17.071214] cloud-init[895]: ci-info: ++++++++++++++++++++++++++++Route IPv4 info+++++++++++++++++++++++++++++
[   17.079003] cloud-init[895]: ci-info: +-------+-------------+----------+-----------------+-----------+-------+
[   17.087334] cloud-init[895]: ci-info: | Route | Destination | Gateway  |     Genmask     | Interface | Flags |
[   17.094767] cloud-init[895]: ci-info: +-------+-------------+----------+-----------------+-----------+-------+
[   17.105825] cloud-init[895]: ci-info: |   0   |   0.0.0.0   | 10.0.2.2 |     0.0.0.0     |   enp0s3  |   UG  |
[   17.114930] cloud-init[895]: ci-info: |   1   |   10.0.2.0  | 0.0.0.0  |  255.255.255.0  |   enp0s3  |   U   |
[   17.124848] cloud-init[895]: ci-info: |   2   |   10.0.2.2  | 0.0.0.0  | 255.255.255.255 |   enp0s3  |   UH  |
[   17.133217] cloud-init[895]: ci-info: +-------+-------------+----------+-----------------+-----------+-------+
[   17.140656] cloud-init[895]: ci-info: ++++++++++++++++++++++++Route IPv6 info++++++++++++++++++++++++
[   17.147415] cloud-init[895]: ci-info: +-------+-----------------------+---------+-----------+-------+
[   17.154610] cloud-init[895]: ci-info: | Route |      Destination      | Gateway | Interface | Flags |
[   17.161189] cloud-init[895]: ci-info: +-------+-----------------------+---------+-----------+-------+
[   17.167987] cloud-init[895]: ci-info: |   1   | fd17:625c:f037:2::/64 |    ::   |   enp0s3  |   U   |
[   17.174641] cloud-init[895]: ci-info: |   2   |       fe80::/64       |    ::   |   enp0s3  |   U   |
[   17.182990] cloud-init[895]: ci-info: |   3   |          ::/0         | fe80::2 |   enp0s3  |   UG  |
[   17.189908] cloud-init[895]: ci-info: |   5   |         local         |    ::   |   enp0s3  |   U   |
[   17.196627] cloud-init[895]: ci-info: |   6   |        ff00::/8       |    ::   |   enp0s3  |   U   |
[   17.205664] cloud-init[895]: ci-info: +-------+-----------------------+---------+-----------+-------+
[   18.790333] cloud-init[895]: Generating public/private rsa key pair.
[   18.795913] cloud-init[895]: Your identification has been saved in /etc/ssh/ssh_host_rsa_key.
[   18.815592] cloud-init[895]: Your public key has been saved in /etc/ssh/ssh_host_rsa_key.pub.
[   18.836455] cloud-init[895]: The key fingerprint is:
[   18.841314] cloud-init[895]: SHA256:T1jxXFZr4amSWWNdl6cbofrbffo0PS0fl28Zca0WbZA root@ubuntu-bionic
[   18.852590] cloud-init[895]: The key's randomart image is:
[   18.858438] cloud-init[895]: +---[RSA 2048]----+
[   18.863795] cloud-init[895]: |          .   o+=|
[   18.869053] cloud-init[895]: |           + oE.B|
[   18.873762] cloud-init[895]: |          . o= @o|
[   18.879056] cloud-init[895]: |         o  * B.=|
[[0;32m  OK  [0m] Started Initial cloud-init job (metadata service crawler).
[   18.888463] [[0;32m  OK  [0m] Reached target Cloud-config availability.
[[0;32m  OK  [0m] Reached target Network is Online.
[[0;32m  OK  [0m] Reached target Remote File Systems (Pre).
[[0;32m  OK  [0m] Reached target Remote File Systems.
         Starting Availability of block devices...
[[0;32m  OK  [0m] Reached target System Initialization.
[[0;32m  OK  [0m] Started Ubuntu Advantage Timer for running repeated jobs.
[[0;32m  OK  [0m] Listening on ACPID Listen Socket.
         Starting LXD - unix socket.
[[0;32m  OK  [0m] Started Discard unused blocks once a week.
[[0;32m  OK  [0m] Listening on UUID daemon activation socket.
[[0;32m  OK  [0m] Listening on Open-iSCSI iscsid Socket.
[[0;32m  OK  [0m] Listening on cloud-init hotplug hook socket.
[[0;32m  OK  [0m] Started Daily apt download activities.
[[0;32m  OK  [0m] Started Daily apt upgrade and clean activities.
[[0;32m  OK  [0m] Started Daily Cleanup of Temporary Directories.
         Starting Socket activation for snappy daemon.
[[0;32m  OK  [0m] Started Message of the Day.
[[0;32m  OK  [0m] Reached target Timers.
[[0;32m  OK  [0m] Started ACPI Events Check.
[[0;32m  OK  [0m] Reached target Paths.
[[0;32m  OK  [0m] Listening on D-Bus System Message Bus Socket.
[[0;32m  OK  [0m] Started Availability of block devices.
cloud-init[895]: [[0;32m  OK  [0m] Listening on LXD - unix socket.
[[0;32m  OK  [0m] Listening on Socket activation for snappy daemon.
[[0;32m  OK  [0m] Reached target Sockets.
[[0;32m  OK  [0m] Reached target Basic System.
|        S .= . *o|[[0;32m  OK  [0m] Started Deferred execution scheduler.

         Starting Login Service...
         Starting LSB: Record successful boot for GRUB...
         Starting Permit User Sessions...
[   18.969354] cloud-init         Starting Dispatcher daemon for systemd-networkd...
[895]: |         o. . +.+|         Starting LXD - container startup/shutdown...
         Starting Accounts Service...
[[0;32m  OK  [0m] Started D-Bus System Message Bus.

[   19.003164] cloud-init[895]: |          .. ..=B|
[   19.009672] cloud-init[895]: |            .. *O|
[   19.014597] cloud-init[895]: |            ..o+*|
[   19.021094] cloud-init[895]: +----[SHA256]-----+
[   19.025961] cloud-init[895]: Generating public/private dsa key pair.
[   19.031636] cloud-init[895]: Your identification has been saved in /etc/ssh/ssh_host_dsa_key.
[   19.038546] cloud-init[895]: Your public key has been saved in /etc/ssh/ssh_host_dsa_key.pub.
[   19.055838] cloud-init[895]: The key fingerprint is:
[   19.069829] cloud-init[895]: SHA256:oic4x2VtZ1a0PSKUAOoC8QCVFzy1lCrUdsDPywe49Qg root@ubuntu-bionic
[   19.085431] cloud-init[895]: The key's randomart image is:
[   19.101480] cloud-init[895]: +---[DSA 1024]----+
[   19.115752] cloud-init[895]: |=..=o++o.....    |
[   19.127775] cloud-init[895]: | +o Boo. ... o   |
[   19.138469] cloud-init[895]: |...o.B.   . + o  |
[   19.144884] cloud-init[895]: | ...E =.   o . . |
[   19.155514] cloud-init[895]: |  ...=+=S +      |
[   19.162835] cloud-init[895]: |   +.++oo+       |
[   19.167277] cloud-init[895]: |  o = ..         |
[   19.170123] cloud-init[895]: |   o o           |
[   19.173287] cloud-init[895]: |                 |
[   19.180680] cloud-init[895]: +----[SHA256]-----+
[   19.188736] cloud-init[895]: Generating public/private ecdsa key pair.
[   19.191739] cloud-init[895]: Your identification has been saved in /etc/ssh/ssh_host_ecdsa_key.
[   19.195415] cloud-init[895]: Your public key has been saved in /etc/ssh/ssh_host_ecdsa_key.pub.
[   19.199536] cloud-init[895]: The key fingerprint is:
[   19.202311] cloud-init[895]: SHA256:P+0w6+PHGAAQTfoU8PnwmXDZ5rV8ysyNrc5FVvdV+t4 root@ubuntu-bionic
[   19.206658] cloud-init[895]: The key's randomart image is:
[   19.210181] cloud-init[895]: +---[ECDSA 256]---+
[   19.212642] cloud-init[895]: |    +*o         .|
[   19.228694] cloud-init[895]: |     ooo o     ..|
[   19.231477] cloud-init[895]: |    . *.o o . . +|
[   19.236474] cloud-init[895]: |     o *.= o . o+|
[   19.238731] cloud-init[895]: |      . S.. o + o|
[   19.241349] cloud-init[895]: |         ..= O ..|
[   19.243554] cloud-init[895]: |          =+B + E|
[   19.245787] cloud-init[895]: |          oBoo   |
[   19.248820] cloud-init[895]: |         o++=    |
[   19.251254] cloud-init[895]: +----[SHA256]-----+
[   19.253678] cloud-init[895]: Generating public/private ed25519 key pair.
[   19.256851] cloud-init[895]: Your identification has been saved in /etc/ssh/ssh_host_ed25519_key.
[   19.260683] cloud-init[895]: Your public key has been saved in /etc/ssh/ssh_host_ed25519_key.pub.
[   19.264635] cloud-init[895]: The key fingerprint is:
[   19.267160] cloud-init[895]: SHA256:kjOE6D08oIMxvYwBtzppoKJqeG0TzcsiTNw7fR5WH/w root@ubuntu-bionic
[   19.271019] cloud-init[895]: The key's randomart image is:
[   19.274102] cloud-init[895]: +--[ED25519 256]--+
[   19.276623] cloud-init[895]: |. .              |
[   19.279416] cloud-init[895]: |.o o .           |
[   19.288839] cloud-init[895]: |= = . .          |
[[0;32m  OK  [0m] Reached target Login Prompts (Pre).
         Starting Pollinate to seed the pseudo random number generator...
[[0;32m  OK  [0m] Started Regular background program processing daemon.
[[0;32m  OK  [0m] Started FUSE filesystem for LXC.
[   19.316416] cloud-init[895]: |+@ = . .   .     |
[   19.326838] cloud-init[895]: |@o+.=o= S . o    |
[   19.335109] cloud-init[895]: |+oo ooo+ . . o   |
[   19.339534] cloud-init[895]: |oo . = .o   . E  |
[   19.346101] cloud-init[895]: |o.+ B +...       |
[   19.355765] cloud-init[895]: |o. o + o.        |
[   19.360969] cloud-init[895]: +----[SHA256]-----+
[[0;32m  OK  [0m] Started irqbalance daemon.
         Starting Snap Daemon...
         Starting Virtualbox guest utils...
         Starting LSB: automatic crash report generation...
         Starting System Logging Service...
[[0;32m  OK  [0m] Started Permit User Sessions.
[[0;32m  OK  [0m] Started Login Service.
[[0;32m  OK  [0m] Started System Logging Service.
         Starting Authorization Manager...
[[0;32m  OK  [0m] Started Unattended Upgrades Shutdown.
         Starting Hold until boot process finishes up...
         Starting Terminate Plymouth Boot Screen...
[[0;32m  OK  [0m] Started Hold until boot process finishes up.
[[0;32m  OK  [0m] Started Terminate Plymouth Boot Screen.
[[0;32m  OK  [0m] Started LSB: Record successful boot for GRUB.
[[0;32m  OK  [0m] Started Serial Getty on ttyS0.
         Starting Set console scheme...
[[0;32m  OK  [0m] Started LSB: automatic crash report generation.
[[0;32m  OK  [0m] Started Set console scheme.
[[0;32m  OK  [0m] Created slice system-getty.slice.
[[0;32m  OK  [0m] Started Getty on tty1.
[[0;32m  OK  [0m] Reached target Login Prompts.
[[0;32m  OK  [0m] Started Authorization Manager.
[[0;32m  OK  [0m] Started Accounts Service.
[[0;32m  OK  [0m] Started Virtualbox guest utils.
[[0;32m  OK  [0m] Started Dispatcher daemon for systemd-networkd.
[[0;32m  OK  [0m] Started LXD - container startup/shutdown.
[[0;32m  OK  [0m] Started Pollinate to seed the pseudo random number generator.
         Starting OpenBSD Secure Shell server...
[[0;32m  OK  [0m] Started OpenBSD Secure Shell server.
[[0;32m  OK  [0m] Started Snap Daemon.
         Starting Wait until snapd is fully seeded...
[[0;32m  OK  [0m] Created slice User Slice of vagrant.
         Starting User Manager for UID 1000...
[[0;32m  OK  [0m] Started Session 1 of user vagrant.
[[0;32m  OK  [0m] Started User Manager for UID 1000.
         Starting Time & Date Service...
[[0;32m  OK  [0m] Started Time & Date Service.

Ubuntu 18.04.6 LTS ubuntu-bionic ttyS0

ubuntu-bionic login:          Starting Update APT News...
         Starting Update the local ESM caches...
[[0;32m  OK  [0m] Started Wait until snapd is fully seeded.
         Starting Apply the settings specified in cloud-config...
[   35.541257] cloud-init[1967]: Cloud-init v. 23.1.2-0ubuntu0~18.04.1 running 'modules:config' at Thu, 18 Jun 2026 22:26:06 +0000. Up 34.62 seconds.
[[0;32m  OK  [0m] Started Apply the settings specified in cloud-config.
[[0;32m  OK  [0m] Reached target Multi-User System.
[[0;32m  OK  [0m] Reached target Graphical Interface.
         Starting Update UTMP about System Runlevel Changes...
         Starting Execute cloud user/final scripts...
[[0;32m  OK  [0m] Started Update UTMP about System Runlevel Changes.
[[0;32m  OK  [0m] Started Update APT News.
ci-info: no authorized SSH keys fingerprints found for user ubuntu.
<14>Jun 18 22:26:08 cloud-init: #############################################################
<14>Jun 18 22:26:08 cloud-init: -----BEGIN SSH HOST KEY FINGERPRINTS-----
<14>Jun 18 22:26:08 cloud-init: 1024 SHA256:oic4x2VtZ1a0PSKUAOoC8QCVFzy1lCrUdsDPywe49Qg root@ubuntu-bionic (DSA)
<14>Jun 18 22:26:08 cloud-init: 256 SHA256:P+0w6+PHGAAQTfoU8PnwmXDZ5rV8ysyNrc5FVvdV+t4 root@ubuntu-bionic (ECDSA)
<14>Jun 18 22:26:08 cloud-init: 256 SHA256:kjOE6D08oIMxvYwBtzppoKJqeG0TzcsiTNw7fR5WH/w root@ubuntu-bionic (ED25519)
<14>Jun 18 22:26:08 cloud-init: 2048 SHA256:T1jxXFZr4amSWWNdl6cbofrbffo0PS0fl28Zca0WbZA root@ubuntu-bionic (RSA)
<14>Jun 18 22:26:08 cloud-init: -----END SSH HOST KEY FINGERPRINTS-----
<14>Jun 18 22:26:08 cloud-init: #############################################################
-----BEGIN SSH HOST KEY KEYS-----
ecdsa-sha2-nistp256 AAAAE2VjZHNhLXNoYTItbmlzdHAyNTYAAAAIbmlzdHAyNTYAAABBBM1qYRDgIsjgUmC+vCw8ArnvkiWp4FndDmvTXdxFXTszoz/U9reRspUIn1Z3GmqzQV7/7hm3Amu40OwPvp0PqIg= root@ubuntu-bionic
ssh-ed25519 AAAAC3NzaC1lZDI1NTE5AAAAIHX7pKafBpT3JhpRRUiPoa3RuXTjeOpXTrXYleo0sHDK root@ubuntu-bionic
ssh-rsa AAAAB3NzaC1yc2EAAAADAQABAAABAQCgiclIBYKPyLsIcLUnDufbdyLnlGCNykfLgKkqZoW/g5LJOmvamF2WhS9AyY27iSBtipRxxQa1lfYK0XB4uXkL1zIoq92zLUaDxiQ4jTMRqN2G5t0VryKs9/E5gsvV3RKfgawdp4KA3Yhj7eygBKpZtJoZvtKkyTYiP0MWweSjo23b2SKGfeOzwbsUQi5DyC5W/ZPg2DeR1tTb48U3R//n7yolY6RAeYXX1QniQImO1v9ADYJHtVuvwlEdOMR9WLJaacqTUGLh3FKKYwfsycHbqAnbQqal310HWOnhSankLZSn3e5Jp15xISXoC0uFJSH3X7lB9A6W1TLbhBho3QGt root@ubuntu-bionic
-----END SSH HOST KEY KEYS-----
[   36.467238] cloud-init[2223]: Cloud-init v. 23.1.2-0ubuntu0~18.04.1 running 'modules:final' at Thu, 18 Jun 2026 22:26:08 +0000. Up 36.18 seconds.
[   36.467637] cloud-init[2223]: Cloud-init v. 23.1.2-0ubuntu0~18.04.1 finished at Thu, 18 Jun 2026 22:26:08 +0000. Datasource DataSourceNoCloud [seed=/dev/sdb][dsmode=net].  Up 36.45 seconds
[[0;32m  OK  [0m] Started Execute cloud user/final scripts.
[[0;32m  OK  [0m] Reached target Cloud-init target.
[[0;32m  OK  [0m] Started Update the local ESM caches.
